<?xml version="1.0" encoding="UTF-8"?>
<!-- Generated by org.testng.reporters.JUnitXMLReporter -->
<testsuite hostname="WIN-O8ROO69HMV9" name="IETest" tests="1" failures="1" timestamp="3 Aug 2019 10:27:31 GMT" time="0.004" errors="0">
  <testcase name="@AfterClass closeBrowser" time="0.0" classname="com.agrostar.automation.AmazonAutomation.AmazonTest_Class">
    <failure type="org.testng.TestNGException" message="
Method closeBrowser requires 1 parameters but 0 were supplied in the @Configuration annotation.">
      <![CDATA[org.testng.TestNGException: 
Method closeBrowser requires 1 parameters but 0 were supplied in the @Configuration annotation.
	at java.util.concurrent.FutureTask.run(Unknown Source)
	at java.util.concurrent.ThreadPoolExecutor.runWorker(Unknown Source)
	at java.util.concurrent.ThreadPoolExecutor$Worker.run(Unknown Source)
	at java.lang.Thread.run(Unknown Source)
... Removed 14 stack frames]]>
    </failure>
  </testcase> <!-- @AfterClass closeBrowser -->
  <testcase name="verifyFunctionalityOfAddingItemsToCart" time="0.001" classname="com.agrostar.automation.AmazonAutomation.AmazonTest_Class">
    <failure type="java.lang.NullPointerException">
      <![CDATA[java.lang.NullPointerException
	at com.agrostar.automation.AmazonAutomation.AmazonPage_Class.loginMyAccount(AmazonPage_Class.java:22)
	at com.agrostar.automation.AmazonAutomation.AmazonTest_Class.verifyFunctionalityOfAddingItemsToCart(AmazonTest_Class.java:24)
	at java.util.concurrent.FutureTask.run(Unknown Source)
	at java.util.concurrent.ThreadPoolExecutor.runWorker(Unknown Source)
	at java.util.concurrent.ThreadPoolExecutor$Worker.run(Unknown Source)
	at java.lang.Thread.run(Unknown Source)
... Removed 16 stack frames]]>
    </failure>
  </testcase> <!-- verifyFunctionalityOfAddingItemsToCart -->
</testsuite> <!-- IETest -->
