<?xml version="1.0" encoding="UTF-8"?>
<!-- Generated by org.testng.reporters.JUnitXMLReporter -->
<testsuite hostname="WIN-O8ROO69HMV9" name="Default test" tests="1" failures="0" timestamp="5 Aug 2019 18:58:39 GMT" time="0.029" errors="0">
  <testcase name="@BeforeTest setupBrowser" time="0.0" classname="com.agrostar.automation.AmazonAutomation.AmazonTest_Class">
    <failure type="org.testng.TestNGException" message="
Parameter &amp;apos;browser&amp;apos; is required by @Configuration on method setupBrowser but has not been marked @Optional or defined
in D:\Users\mgiri\AppData\Local\Temp\1\testng-eclipse-255835376\testng-customsuite.xml">
      <![CDATA[org.testng.TestNGException: 
Parameter 'browser' is required by @Configuration on method setupBrowser but has not been marked @Optional or defined
in D:\Users\mgiri\AppData\Local\Temp\1\testng-eclipse-255835376\testng-customsuite.xml
	at org.testng.internal.Parameters.createParameters(Parameters.java:155)
	at org.testng.internal.Parameters.createParameters(Parameters.java:355)
	at org.testng.internal.Parameters.createConfigurationParameters(Parameters.java:86)
	at org.testng.internal.Invoker.invokeConfigurations(Invoker.java:199)
	at org.testng.internal.Invoker.invokeConfigurations(Invoker.java:138)
	at org.testng.TestRunner.beforeRun(TestRunner.java:641)
	at org.testng.TestRunner.run(TestRunner.java:609)
	at org.testng.SuiteRunner.runTest(SuiteRunner.java:334)
	at org.testng.SuiteRunner.runSequentially(SuiteRunner.java:329)
	at org.testng.SuiteRunner.privateRun(SuiteRunner.java:291)
	at org.testng.SuiteRunner.run(SuiteRunner.java:240)
	at org.testng.SuiteRunnerWorker.runSuite(SuiteRunnerWorker.java:52)
	at org.testng.SuiteRunnerWorker.run(SuiteRunnerWorker.java:86)
	at org.testng.TestNG.runSuitesSequentially(TestNG.java:1198)
	at org.testng.TestNG.runSuitesLocally(TestNG.java:1123)
	at org.testng.TestNG.run(TestNG.java:1031)
	at org.testng.remote.RemoteTestNG.run(RemoteTestNG.java:115)
	at org.testng.remote.RemoteTestNG.initAndRun(RemoteTestNG.java:207)
	at org.testng.remote.RemoteTestNG.main(RemoteTestNG.java:178)
]]>
    </failure>
  </testcase> <!-- @BeforeTest setupBrowser -->
  <testcase name="@AfterTest closeBrowser" time="0.0" classname="com.agrostar.automation.AmazonAutomation.AmazonTest_Class">
    <skipped/>
  </testcase> <!-- @AfterTest closeBrowser -->
  <testcase name="verifyFunctionalityOfAddingItemsToCart" time="0.004" classname="com.agrostar.automation.AmazonAutomation.AmazonTest_Class">
    <skipped/>
  </testcase> <!-- verifyFunctionalityOfAddingItemsToCart -->
</testsuite> <!-- Default test -->
